nohup: ignoring input

  .   ____          _            __ _ _
 /\\ / ___'_ __ _ _(_)_ __  __ _ \ \ \ \
( ( )\___ | '_ | '_| | '_ \/ _` | \ \ \ \
 \\/  ___)| |_)| | | | | || (_| |  ) ) ) )
  '  |____| .__|_| |_|_| |_\__, | / / / /
 =========|_|==============|___/=/_/_/_/

 :: Spring Boot ::                (v3.3.2)

2025-08-25T11:53:21.496-04:00  INFO 46156 --- [hello] [           main] com.example.hello.HelloApplication       : Starting HelloApplication v0.0.1-SNAPSHOT using Java 21.0.8 with PID 46156 (C:\Users\jongr\dev\src\target\hello-0.0.1-SNAPSHOT.jar started by jongr in C:\Users\jongr\dev\src)
2025-08-25T11:53:21.501-04:00  INFO 46156 --- [hello] [           main] com.example.hello.HelloApplication       : No active profile set, falling back to 1 default profile: "default"
2025-08-25T11:53:22.540-04:00  INFO 46156 --- [hello] [           main] .s.d.r.c.RepositoryConfigurationDelegate : Bootstrapping Spring Data JPA repositories in DEFAULT mode.
2025-08-25T11:53:22.597-04:00  INFO 46156 --- [hello] [           main] .s.d.r.c.RepositoryConfigurationDelegate : Finished Spring Data repository scanning in 49 ms. Found 5 JPA repository interfaces.
2025-08-25T11:53:23.250-04:00  INFO 46156 --- [hello] [           main] o.s.b.w.embedded.tomcat.TomcatWebServer  : Tomcat initialized with port 8081 (http)
2025-08-25T11:53:23.261-04:00  INFO 46156 --- [hello] [           main] o.apache.catalina.core.StandardService   : Starting service [Tomcat]
2025-08-25T11:53:23.261-04:00  INFO 46156 --- [hello] [           main] o.apache.catalina.core.StandardEngine    : Starting Servlet engine: [Apache Tomcat/10.1.26]
2025-08-25T11:53:23.300-04:00  INFO 46156 --- [hello] [           main] o.a.c.c.C.[Tomcat].[localhost].[/]       : Initializing Spring embedded WebApplicationContext
2025-08-25T11:53:23.301-04:00  INFO 46156 --- [hello] [           main] w.s.c.ServletWebServerApplicationContext : Root WebApplicationContext: initialization completed in 1731 ms
2025-08-25T11:53:23.331-04:00  INFO 46156 --- [hello] [           main] com.zaxxer.hikari.HikariDataSource       : HikariPool-1 - Starting...
2025-08-25T11:53:23.482-04:00  INFO 46156 --- [hello] [           main] com.zaxxer.hikari.pool.HikariPool        : HikariPool-1 - Added connection conn0: url=jdbc:h2:file:./data/hello user=SA
2025-08-25T11:53:23.485-04:00  INFO 46156 --- [hello] [           main] com.zaxxer.hikari.HikariDataSource       : HikariPool-1 - Start completed.
2025-08-25T11:53:23.495-04:00  INFO 46156 --- [hello] [           main] o.s.b.a.h2.H2ConsoleAutoConfiguration    : H2 console available at '/h2-console'. Database available at 'jdbc:h2:file:./data/hello'
2025-08-25T11:53:23.706-04:00  INFO 46156 --- [hello] [           main] o.hibernate.jpa.internal.util.LogHelper  : HHH000204: Processing PersistenceUnitInfo [name: default]
2025-08-25T11:53:23.778-04:00  INFO 46156 --- [hello] [           main] org.hibernate.Version                    : HHH000412: Hibernate ORM core version 6.5.2.Final
2025-08-25T11:53:23.816-04:00  INFO 46156 --- [hello] [           main] o.h.c.internal.RegionFactoryInitiator    : HHH000026: Second-level cache disabled
2025-08-25T11:53:24.214-04:00  INFO 46156 --- [hello] [           main] o.s.o.j.p.SpringPersistenceUnitInfo      : No LoadTimeWeaver setup: ignoring JPA class transformer
2025-08-25T11:53:25.116-04:00  INFO 46156 --- [hello] [           main] o.h.e.t.j.p.i.JtaPlatformInitiator       : HHH000489: No JTA platform available (set 'hibernate.transaction.jta.platform' to enable JTA platform integration)
2025-08-25T11:53:25.161-04:00  INFO 46156 --- [hello] [           main] j.LocalContainerEntityManagerFactoryBean : Initialized JPA EntityManagerFactory for persistence unit 'default'
2025-08-25T11:53:25.521-04:00  INFO 46156 --- [hello] [           main] o.s.d.j.r.query.QueryEnhancerFactory     : Hibernate is in classpath; If applicable, HQL parser will be used.
2025-08-25T11:53:26.287-04:00  WARN 46156 --- [hello] [           main] JpaBaseConfiguration$JpaWebConfiguration : spring.jpa.open-in-view is enabled by default. Therefore, database queries may be performed during view rendering. Explicitly configure spring.jpa.open-in-view to disable this warning
2025-08-25T11:53:26.330-04:00  INFO 46156 --- [hello] [           main] o.s.b.a.w.s.WelcomePageHandlerMapping    : Adding welcome page: class path resource [static/index.html]
2025-08-25T11:53:27.045-04:00  WARN 46156 --- [hello] [           main] ConfigServletWebServerApplicationContext : Exception encountered during context initialization - cancelling refresh attempt: org.springframework.context.ApplicationContextException: Failed to start bean 'webServerStartStop'
2025-08-25T11:53:27.047-04:00  INFO 46156 --- [hello] [           main] j.LocalContainerEntityManagerFactoryBean : Closing JPA EntityManagerFactory for persistence unit 'default'
2025-08-25T11:53:27.048-04:00  INFO 46156 --- [hello] [           main] com.zaxxer.hikari.HikariDataSource       : HikariPool-1 - Shutdown initiated...
2025-08-25T11:53:27.058-04:00  INFO 46156 --- [hello] [           main] com.zaxxer.hikari.HikariDataSource       : HikariPool-1 - Shutdown completed.
2025-08-25T11:53:27.073-04:00  INFO 46156 --- [hello] [     2025-08-25T14:01:35.136-04:00  WARN 43580 --- [hello] [l-1 housekeeper] com.zaxxer.hikari.pool.HikariPool        : HikariPool-1 - Thread starvation or clock leap detected (housekeeper delta=1h2m5s92ms339µs800ns).
2025-08-25T16:03:28.026-04:00  WARN 43580 --- [hello] [l-1 housekeeper] com.zaxxer.hikari.pool.HikariPool        : HikariPool-1 - Thread starvation or clock leap detected (housekeeper delta=1h2m21s950ms943µs).
2025-08-25T16:34:30.699-04:00  WARN 43580 --- [hello] [l-1 housekeeper] com.zaxxer.hikari.pool.HikariPool        : HikariPool-1 - Thread starvation or clock leap detected (housekeeper delta=15m32s468ms829µs).
2025-08-25T19:29:29.369-04:00  WARN 43580 --- [hello] [l-1 housekeeper] com.zaxxer.hikari.pool.HikariPool        : HikariPool-1 - Thread starvation or clock leap detected (housekeeper delta=2h54m58s670ms219µs400ns).
