
  .   ____          _            __ _ _
 /\\ / ___'_ __ _ _(_)_ __  __ _ \ \ \ \
( ( )\___ | '_ | '_| | '_ \/ _` | \ \ \ \
 \\/  ___)| |_)| | | | | || (_| |  ) ) ) )
  '  |____| .__|_| |_|_| |_\__, | / / / /
 =========|_|==============|___/=/_/_/_/

 :: Spring Boot ::                (v3.3.2)

2025-08-25T19:52:13.162-04:00  INFO 64764 --- [hello] [           main] com.example.hello.HelloApplication       : Starting HelloApplication using Java 21.0.8 with PID 64764 (C:\Users\jongr\dev\src\target\classes started by jongr in C:\Users\jongr\dev\src)
2025-08-25T19:52:13.163-04:00  INFO 64764 --- [hello] [           main] com.example.hello.HelloApplication       : No active profile set, falling back to 1 default profile: "default"
2025-08-25T19:52:13.782-04:00  INFO 64764 --- [hello] [           main] .s.d.r.c.RepositoryConfigurationDelegate : Bootstrapping Spring Data JPA repositories in DEFAULT mode.
2025-08-25T19:52:13.844-04:00  INFO 64764 --- [hello] [           main] .s.d.r.c.RepositoryConfigurationDelegate : Finished Spring Data repository scanning in 57 ms. Found 11 JPA repository interfaces.
2025-08-25T19:52:14.217-04:00  INFO 64764 --- [hello] [           main] o.s.b.w.embedded.tomcat.TomcatWebServer  : Tomcat initialized with port 8080 (http)
2025-08-25T19:52:14.227-04:00  INFO 64764 --- [hello] [           main] o.apache.catalina.core.StandardService   : Starting service [Tomcat]
2025-08-25T19:52:14.227-04:00  INFO 64764 --- [hello] [           main] o.apache.catalina.core.StandardEngine    : Starting Servlet engine: [Apache Tomcat/10.1.26]
2025-08-25T19:52:14.281-04:00  INFO 64764 --- [hello] [           main] o.a.c.c.C.[Tomcat].[localhost].[/]       : Initializing Spring embedded WebApplicationContext
2025-08-25T19:52:14.282-04:00  INFO 64764 --- [hello] [           main] w.s.c.ServletWebServerApplicationContext : Root WebApplicationContext: initialization completed in 1073 ms
2025-08-25T19:52:14.307-04:00  INFO 64764 --- [hello] [           main] com.zaxxer.hikari.HikariDataSource       : HikariPool-1 - Starting...
2025-08-25T19:52:18.586-04:00  INFO 64764 --- [hello] [           main] com.zaxxer.hikari.pool.HikariPool        : HikariPool-1 - Added connection conn1: url=jdbc:h2:file:./data/hello user=SA
2025-08-25T19:52:18.588-04:00  INFO 64764 --- [hello] [           main] com.zaxxer.hikari.HikariDataSource       : HikariPool-1 - Start completed.
2025-08-25T19:52:18.594-04:00  INFO 64764 --- [hello] [           main] o.s.b.a.h2.H2ConsoleAutoConfiguration    : H2 console available at '/h2-console'. Database available at 'jdbc:h2:file:./data/hello'
2025-08-25T19:52:18.679-04:00  INFO 64764 --- [hello] [           main] o.hibernate.jpa.internal.util.LogHelper  : HHH000204: Processing PersistenceUnitInfo [name: default]
2025-08-25T19:52:18.715-04:00  INFO 64764 --- [hello] [           main] org.hibernate.Version                    : HHH000412: Hibernate ORM core version 6.5.2.Final
2025-08-25T19:52:18.744-04:00  INFO 64764 --- [hello] [           main] o.h.c.internal.RegionFactoryInitiator    : HHH000026: Second-level cache disabled
2025-08-25T19:52:18.978-04:00  INFO 64764 --- [hello] [           main] o.s.o.j.p.SpringPersistenceUnitInfo      : No LoadTimeWeaver setup: ignoring JPA class transformer
2025-08-25T19:52:19.860-04:00  INFO 64764 --- [hello] [           main] o.h.e.t.j.p.i.JtaPlatformInitiator       : HHH000489: No JTA platform available (set 'hibernate.transaction.jta.platform' to enable JTA platform integration)
2025-08-25T19:52:19.922-04:00  INFO 64764 --- [hello] [           main] j.LocalContainerEntityManagerFactoryBean : Initialized JPA EntityManagerFactory for persistence unit 'default'
2025-08-25T19:52:20.218-04:00  INFO 64764 --- [hello] [           main] o.s.d.j.r.query.QueryEnhancerFactory     : Hibernate is in classpath; If applicable, HQL parser will be used.
2025-08-25T19:52:20.700-04:00  WARN 64764 --- [hello] [           main] JpaBaseConfiguration$JpaWebConfiguration : spring.jpa.open-in-view is enabled by default. Therefore, database queries may be performed during view rendering. Explicitly configure spring.jpa.open-in-view to disable this warning
2025-08-25T19:52:20.715-04:00  INFO 64764 --- [hello] [           main] o.s.b.a.w.s.WelcomePageHandlerMapping    : Adding welcome page: class path resource [static/index.html]
2025-08-25T19:52:21.054-04:00  INFO 64764 --- [hello] [           main] o.s.b.w.embedded.tomcat.TomcatWebServer  : Tomcat started on port 8080 (http) with context path '/'
2025-08-25T19:52:21.060-04:00  INFO 64764 --- [hello] [           main] com.example.hello.HelloApplication       : Started HelloApplication in 8.231 seconds (process running for 8.555)
2025-08-25T19:52:38.941-04:00  INFO 64764 --- [hello] [nio-8080-exec-2] o.a.c.c.C.[Tomcat].[localhost].[/]       : Initializing Spring DispatcherServlet 'dispatcherServlet'
2025-08-25T19:52:38.942-04:00  INFO 64764 --- [hello] [nio-8080-exec-2] o.s.web.servlet.DispatcherServlet        : Initializing Servlet 'dispatcherServlet'
2025-08-25T19:52:38.943-04:00  INFO 64764 --- [hello] [nio-8080-exec-2] o.s.web.servlet.DispatcherServlet        : Completed initialization in 1 ms
[ERROR] Failed to execute goal org.springframework.boot:spring-boot-maven-plugin:3.3.2:run (default-cli) on project hello: Process terminated with exit code: 1 -> [Help 1]
[ERROR] 
[ERROR] To see the full stack trace of the errors, re-run Maven with the -e switch.
[ERROR] Re-run Maven using the -X switch to enable full debug logging.
[ERROR] 
[ERROR] For more information about the errors and possible solutions, please read the following articles:
[ERROR] [Help 1] http://cwiki.apache.org/confluence/display/MAVEN/MojoExecutionException
